<?xml version="1.0" encoding="UTF-8"?>
<!-- Generated by org.testng.reporters.JUnitReportReporter -->
<testsuite hostname="DESKTOP-8EUE6B9" name="test.Amazon_com" tests="1" failures="0" timestamp="22 Sep 2019 20:23:52 GMT" time="21.721" errors="0">
  <testcase name="executeTest" time="21.721" classname="test.Amazon_com"/>
</testsuite> <!-- test.Amazon_com -->
